#
# A fatal error has been detected by the Java Runtime Environment:
#
#  Internal Error (javaClasses.cpp:129), pid=7916, tid=3032
#  fatal error: Invalid layout of preloaded class
#
# JRE version: 7.0_25-b16
# Java VM: Java HotSpot(TM) Client VM (23.25-b01 mixed mode windows-x86 )
# Failed to write core dump. Minidumps are not enabled by default on client versions of Windows
#
# If you would like to submit a bug report, please visit:
#   http://bugreport.sun.com/bugreport/crash.jsp
#

---------------  T H R E A D  ---------------

Current thread (0x0028b800):  JavaThread "Unknown thread" [_thread_in_vm, id=3032, stack(0x01760000,0x017b0000)]

Stack: [0x01760000,0x017b0000],  sp=0x017af68c,  free space=317k
Native frames: (J=compiled Java code, j=interpreted, Vv=VM code, C=native code)
V  [jvm.dll+0x167e31]
V  [jvm.dll+0x1620f6]
V  [jvm.dll+0x1f92f]
V  [jvm.dll+0x1f9b6]
V  [jvm.dll+0x2cffd]
V  [jvm.dll+0x2d2a9]
V  [jvm.dll+0x75351]
V  [jvm.dll+0x7570b]
V  [jvm.dll+0x123881]
V  [jvm.dll+0x1439cc]
V  [jvm.dll+0xa619f]
C  [javaw.exe+0x13ca]
C  [javaw.exe+0x1e3c]
C  [javaw.exe+0xa5b1]
C  [javaw.exe+0xa63b]
C  [kernel32.dll+0x4ed6c]  BaseThreadInitThunk+0x12
C  [ntdll.dll+0x6377b]  RtlInitializeExceptionChain+0xef
C  [ntdll.dll+0x6374e]  RtlInitializeExceptionChain+0xc2


---------------  P R O C E S S  ---------------

Java Threads: ( => current thread )

Other Threads:

=>0x0028b800 (exited) JavaThread "Unknown thread" [_thread_in_vm, id=3032, stack(0x01760000,0x017b0000)]

VM state:not at safepoint (not fully initialized)

VM Mutex/Monitor currently owned by a thread: None

GC Heap History (0 events):
No events

Deoptimization events (0 events):
No events

Internal exceptions (0 events):
No events

Events (10 events):
Event: 0.027 loading class 0x01616e30 done
Event: 0.027 loading class 0x01615510 done
Event: 0.027 loading class 0x016154e8
Event: 0.028 loading class 0x0164f350
Event: 0.028 loading class 0x0164f350 done
Event: 0.028 loading class 0x0164f388
Event: 0.028 loading class 0x0164f388 done
Event: 0.028 loading class 0x016447e8
Event: 0.028 loading class 0x016447e8 done
Event: 0.029 loading class 0x016154e8 done


Dynamic libraries:
0x00370000 - 0x0039f000 	C:\Program Files\Java\jre7\bin\javaw.exe
0x77470000 - 0x775ac000 	C:\Windows\SYSTEM32\ntdll.dll
0x76ba0000 - 0x76c74000 	C:\Windows\system32\kernel32.dll
0x75550000 - 0x7559b000 	C:\Windows\system32\KERNELBASE.dll
0x77160000 - 0x77200000 	C:\Windows\system32\ADVAPI32.dll
0x773c0000 - 0x7746c000 	C:\Windows\system32\msvcrt.dll
0x775c0000 - 0x775d9000 	C:\Windows\SYSTEM32\sechost.dll
0x770b0000 - 0x77151000 	C:\Windows\system32\RPCRT4.dll
0x76a00000 - 0x76ac9000 	C:\Windows\system32\USER32.dll
0x758b0000 - 0x758fe000 	C:\Windows\system32\GDI32.dll
0x75b30000 - 0x75b3a000 	C:\Windows\system32\LPK.dll
0x75810000 - 0x758ad000 	C:\Windows\system32\USP10.dll
0x740f0000 - 0x7428e000 	C:\Windows\WinSxS\x86_microsoft.windows.common-controls_6595b64144ccf1df_6.0.7601.17514_none_41e6975e2bd6f2b2\COMCTL32.dll
0x75b40000 - 0x75b97000 	C:\Windows\system32\SHLWAPI.dll
0x77680000 - 0x7769f000 	C:\Windows\system32\IMM32.DLL
0x76ad0000 - 0x76b9c000 	C:\Windows\system32\MSCTF.dll
0x58860000 - 0x5891e000 	C:\Program Files\Java\jre7\bin\msvcr100.dll
0x50a30000 - 0x50d72000 	C:\Program Files\Java\jre7\bin\client\jvm.dll
0x70f50000 - 0x70f57000 	C:\Windows\system32\WSOCK32.dll
0x75900000 - 0x75935000 	C:\Windows\system32\WS2_32.dll
0x75ba0000 - 0x75ba6000 	C:\Windows\system32\NSI.dll
0x738d0000 - 0x73902000 	C:\Windows\system32\WINMM.dll
0x775b0000 - 0x775b5000 	C:\Windows\system32\PSAPI.DLL
0x60810000 - 0x6081c000 	C:\Program Files\Java\jre7\bin\verify.dll
0x52000000 - 0x52020000 	C:\Program Files\Java\jre7\bin\java.dll
0x52020000 - 0x52033000 	C:\Program Files\Java\jre7\bin\zip.dll
0x5ca90000 - 0x5cb7b000 	C:\Windows\system32\dbghelp.dll

VM Arguments:
jvm_args: -Dfile.encoding=Cp1252 -Xbootclasspath:C:\Users\vlad\AppData\Local\Android\android-sdk\platforms\android-10\android.jar 
java_command: net.amicity.incubator_android.test
Launcher Type: SUN_STANDARD

Environment Variables:
CLASSPATH=.;C:\Program Files\Java\jre7\lib\ext\QTJava.zip
PATH=C:/Program Files/Java/jre7/bin/client;C:/Program Files/Java/jre7/bin;C:/Program Files/Java/jre7/lib/i386;C:\app\vlad\product\11.2.0\dbhome_1\bin;C:\Program Files\Common Files\Microsoft Shared\Windows Live;C:\Windows\system32;C:\Windows;C:\Windows\System32\Wbem;C:\Windows\System32\WindowsPowerShell\v1.0\;C:\Program Files\Windows Live\Shared;C:\Program Files\Common Files\Autodesk Shared\;C:\Program Files\QuickTime\QTSystem\;C:\Program Files\Autodesk\Backburner\;C:\Program Files\IVI\bin;C:\Program Files\IVI Foundation\VISA\WinNT\Bin;C:\PROGRA~1\IVIFOU~1\VISA\WinNT\Bin;C:\Users\vlad\Desktop\MinGW\bin\gcc;c:\Program Files\Microsoft SQL Server\90\Tools\binn\;c:\Program Files\Microsoft SQL Server\100\Tools\Binn\;c:\Program Files\Microsoft SQL Server\100\DTS\Binn\;C:\Program Files\Microsoft Visual Studio\Common\Tools\WinNT;C:\Program Files\Microsoft Visual Studio\Common\MSDev98\Bin;C:\Program Files\Microsoft Visual Studio\Common\Tools;C:\Program Files\Microsoft Visual Studio\VC98\bin;C:\Users\vlad\Downloads\eclipse;
USERNAME=vlad
OS=Windows_NT
PROCESSOR_IDENTIFIER=x86 Family 6 Model 15 Stepping 13, GenuineIntel



---------------  S Y S T E M  ---------------

OS: Windows 7 Build 7601 Service Pack 1

CPU:total 2 (2 cores per cpu, 1 threads per core) family 6 model 15 stepping 13, cmov, cx8, fxsr, mmx, sse, sse2, sse3, ssse3, tsc

Memory: 4k page, physical 2086956k(280204k free), swap 4173912k(1617708k free)

vm_info: Java HotSpot(TM) Client VM (23.25-b01) for windows-x86 JRE (1.7.0_25-b16), built on Jun 12 2013 20:29:09 by "java_re" with unknown MS VC++:1600

time: Sat Aug 03 14:50:05 2013
elapsed time: 0 seconds

